C51 COMPILER V9.02   BITLOG                                                                06/13/2011 09:37:36 PAGE 1   


C51 COMPILER V9.02, COMPILATION OF MODULE BITLOG
OBJECT MODULE PLACED IN bitlog.OBJ
COMPILER INVOKED BY: C:\Keil\C51\BIN\C51.EXE bitlog.c LARGE BROWSE INCDIR(..\..\hal\nrf24l01p;..\..\hal;..\..\compiler\c
                    -51;..\..\hal\nrf24le1) DEFINE(MCU_NRF24LE1) DEBUG OBJECTEXTEND

line level    source

   1          #include "bitlog.h"
   2          
   3          uint8_t bitlog(uint32_t val)
   4          {
   5   1              return 0;
   6   1      }
*** WARNING C280 IN LINE 3 OF BITLOG.C: 'val': unreferenced local variable


MODULE INFORMATION:   STATIC OVERLAYABLE
   CODE SIZE        =      9    ----
   CONSTANT SIZE    =   ----    ----
   XDATA SIZE       =    256       4
   PDATA SIZE       =   ----    ----
   DATA SIZE        =   ----    ----
   IDATA SIZE       =   ----    ----
   BIT SIZE         =   ----    ----
END OF MODULE INFORMATION.


C51 COMPILATION COMPLETE.  1 WARNING(S),  0 ERROR(S)
