Added Component: Designator=C1(0402s)
Added Component: Designator=C2(0402s)
Added Component: Designator=C3(0402s)
Added Component: Designator=R1(0402s)
Added Component: Designator=R2(0402s)
Added Component: Designator=R3(0402s)
Added Component: Designator=R6(0402s)
Added Component: Designator=R7(0402s)
Added Component: Designator=R8(0402s)
Added Component: Designator=R9(0402s)
Added Component: Designator=U2(Single_ASIC)
Added Pin To Net: NetName=V3P0 Pin=C2-2
Added Pin To Net: NetName=ADC- Pin=C3-1
Added Pin To Net: NetName=ADC+ Pin=C3-2
Added Pin To Net: NetName=GND Pin=R1-1
Added Pin To Net: NetName=ELEC_REF Pin=R1-2
Added Pin To Net: NetName=GND Pin=R2-2
Added Pin To Net: NetName=GND Pin=R3-2
Added Pin To Net: NetName=V1P5 Pin=R6-2
Added Pin To Net: NetName=GND Pin=R7-1
Added Pin To Net: NetName=ADC- Pin=R8-1
Added Pin To Net: NetName=ADC+ Pin=R9-1
Added Pin To Net: NetName=ELEC_REF Pin=U2-2
Added Pin To Net: NetName=ELEC Pin=U2-3
Added Pin To Net: NetName=GND Pin=U2-4
Added Pin To Net: NetName=GND Pin=U2-7
Added Pin To Net: NetName=V1P5 Pin=U2-8
Added Pin To Net: NetName=GND Pin=U2-9
Added Pin To Net: NetName=GND Pin=U2-11
Added Pin To Net: NetName=V1P5 Pin=U2-15
Added Pin To Net: NetName=GND Pin=U2-16
Added Pin To Net: NetName=V1P5 Pin=U2-17
Added Pin To Net: NetName=V1P5 Pin=U2-19
Added Pin To Net: NetName=GND Pin=U2-20
Added Pin To Net: NetName=GND Pin=U2-21
Added Pin To Net: NetName=LED_CTRL Pin=U5-12
Added Net: Name=LED_CTRL
Added Pin To Net: NetName=NetC1_1 Pin=C1-1
Added Net: Name=NetC1_1
Added Pin To Net: NetName=NetC1_2 Pin=C1-2
Added Net: Name=NetC1_2
Added Pin To Net: NetName=NetC2_1 Pin=C2-1
Added Net: Name=NetC2_1
Added Pin To Net: NetName=NetR2_1 Pin=R2-1
Added Pin To Net: NetName=NetR2_1 Pin=U2-5
Added Net: Name=NetR2_1
Added Pin To Net: NetName=NetR3_1 Pin=R3-1
Added Pin To Net: NetName=NetR3_1 Pin=U2-6
Added Net: Name=NetR3_1
Added Pin To Net: NetName=NetR6_1 Pin=R6-1
Added Pin To Net: NetName=NetR6_1 Pin=R7-2
Added Pin To Net: NetName=NetR6_1 Pin=U2-10
Added Net: Name=NetR6_1
Added Pin To Net: NetName=NetR8_2 Pin=R8-2
Added Pin To Net: NetName=NetR8_2 Pin=U2-14
Added Net: Name=NetR8_2
Added Pin To Net: NetName=NetR9_2 Pin=R9-2
Added Pin To Net: NetName=NetR9_2 Pin=U2-13
Added Net: Name=NetR9_2
Added Member To Class: ClassName=LED_SOP Member=Component C1 NP0 50V
Added Member To Class: ClassName=LED_SOP Member=Component C2 NP0 50V
Added Member To Class: ClassName=SingleASIC Member=Component C3 NP0 50V
Added Member To Class: ClassName=SingleASIC Member=Component R1 Res2
Added Member To Class: ClassName=SingleASIC Member=Component R2 Res2
Added Member To Class: ClassName=SingleASIC Member=Component R3 Res2
Added Member To Class: ClassName=SingleASIC Member=Component R6 Res2
Added Member To Class: ClassName=SingleASIC Member=Component R7 Res2
Added Member To Class: ClassName=SingleASIC Member=Component R8 Res2
Added Member To Class: ClassName=SingleASIC Member=Component R9 Res2
Added Member To Class: ClassName=SingleASIC Member=Component U2 Single_ASIC
Added Room: Name=LED_SOP
Added Room: Name=Main_4x4
Added Room: Name=SingleASIC
