Added Component: Designator=C3(0402s)
Added Component: Designator=C4(0402s)
Added Component: Designator=C5(0402s)
Added Component: Designator=U3(SOT23-5AN)
Added Pin To Net: NetName=GND Pin=C3-1
Added Pin To Net: NetName=V1P5 Pin=C4-1
Added Pin To Net: NetName=GND Pin=C4-2
Added Pin To Net: NetName=GND Pin=C5-1
Added Pin To Net: NetName=V3P0 Pin=C5-2
Added Pin To Net: NetName=V3P0 Pin=U3-1
Added Pin To Net: NetName=GND Pin=U3-2
Added Pin To Net: NetName=V3P0 Pin=U3-3
Added Pin To Net: NetName=V1P5 Pin=U3-5
Added Pin To Net: NetName=NetC3_2 Pin=C3-2
Added Pin To Net: NetName=NetC3_2 Pin=U3-4
Added Net: Name=NetC3_2
Added Member To Class: ClassName=SingleASIC Member=Component C4 NP0 50V
Added Member To Class: ClassName=SingleASIC Member=Component C5 NP0 50V
Added Member To Class: ClassName=Main_4x4 Member=Component E1 MicroAntenna
Added Member To Class: ClassName=SingleASIC Member=Component U3 tps79915
