==============================================================================

                  ------ MOMENTUM STATISTICS (MW mode) ------

              Momentum MomEngine 8.40.075 (*) 350.500 Feb 19 2009
                           Thu Sep 15 14:01:40 2011

==============================================================================


------------------------------------------------------------------------------
MESH
------------------------------------------------------------------------------

STATISTICS
----------
 Rectangular cells :     12
 Triangular cells  :      0
 Via cells         :      0
 Edge currents     :     20

RESOURCES
---------
 Process size :     0.13 MB
 User Time    :    0h 0m 0s
 Elapsed Time :    0h 0m 1s

==============================================================================

==============================================================================

                  ------ MOMENTUM STATISTICS (MW mode) ------

              Momentum MomEngine 8.40.075 (*) 350.500 Feb 19 2009
                           Thu Sep 15 14:01:41 2011

==============================================================================


------------------------------------------------------------------------------
SOLVER                        USER TIME      ELAPSED TIME      MEMORY         
PROCESSES                      (h:m:s)          (h:m:s)         (MB)          
------------------------------------------------------------------------------

SIMULATION SET-UP
-----------------
 Initialization           |     0: 0: 0   |     0: 0: 0   |      0.00   
 Ports analysis           |     0: 0: 0   |     0: 0: 0   |      0.00   
 Mesh processing          |     0: 0: 0   |     0: 0: 0   |      0.00   

 Matrix size : 20
 Reduced matrix size : 16
 Estimated process size is below 256.00 MB

1. SIMULATION FREQUENCY = 2 GHz 
-------------------------
 Green functions          |     0: 0: 0   |     0: 0: 0   |      0.00   
 Basis creation           |     0: 0: 0   |     0: 0: 0   |      0.00   
 Matrix load              |     0: 0: 0   |     0: 0: 0   |      4.34   
 Matrix solve             |     0: 0: 0   |     0: 0: 0   |      0.00   
 S parameters             |     0: 0: 0   |     0: 0: 0   |      0.00   

2. SIMULATION FREQUENCY = 3 GHz 
-------------------------
 Green functions          |     0: 0: 0   |     0: 0: 0   |      0.00   
 Matrix load              |     0: 0: 0   |     0: 0: 0   |      1.04   
 Matrix solve             |     0: 0: 0   |     0: 0: 0   |      0.00   
 S parameters             |     0: 0: 0   |     0: 0: 0   |      0.00   
 Adaptive sampling        |     0: 0: 0   |     0: 0: 0   |      0.00   

3. SIMULATION FREQUENCY = 2.66667 GHz 
-------------------------
 Green functions          |     0: 0: 0   |     0: 0: 0   |      0.00   
 Matrix load              |     0: 0: 0   |     0: 0: 0   |      0.00   
 Matrix solve             |     0: 0: 0   |     0: 0: 0   |      0.00   
 S parameters             |     0: 0: 0   |     0: 0: 0   |      0.00   
 Adaptive sampling        |     0: 0: 0   |     0: 0: 0   |      0.00   

4. SIMULATION FREQUENCY = 2.33333 GHz 
-------------------------
 Green functions          |     0: 0: 0   |     0: 0: 0   |      0.00   
 Matrix load              |     0: 0: 0   |     0: 0: 0   |      0.07   
 Matrix solve             |     0: 0: 0   |     0: 0: 0   |      0.00   
 S parameters             |     0: 0: 0   |     0: 0: 0   |      0.00   
 Adaptive sampling        |     0: 0: 0   |     0: 0: 0   |      0.00   

------------------------------------------------------------------------------
TOTALS
------------------------------------------------------------------------------
 Nr of Frequencies   : 4 

 Process size :     5.45 MB
 User Time    :    0h 0m 0s
 Elapsed Time :    0h 0m 0s

==============================================================================


temporary work directory = C:\Users\Omar\AppData\Local\Temp\9149650

==============================================================================
                    ---   STATUS SERVER MESSAGES  ---
==============================================================================
Simulation / Synthesis Messages

Momentum MomEngine 8.40.075 (*) 350.500 Feb 19 2009
Simulation Mode: uW
Substrate valid
Processing layout...
WARNING : Polyline edges and/or wires have been found on
STRIP layer <mask 1> and will be ignored. Their
location has been written to the DRC report.
Automatically determined a snap distance of
0.0020 mil for layout healing.
Generating mesh at 12GHz...
Mesh generation finished
S-parameter simulation
Automatic selection: direct dense matrix solver
Using multi-threading (4 threads)

Status / Summary

------------------- Momentum ---------------------

Version: Momentum MomEngine 8.40.075 (*) 350.500 Feb 19 2009
Simulation mode: MW
Design: rectifier

Simulation started on : Thu Sep 15 14:01:40 2011

Layout processing started
Layout processing finished
S-parameter simulation started
Adaptive frequency sweep started
Simulation frequency [1] = 2 GHz
Simulation frequency [2] = 3 GHz
Adaptive:   0.0 % of frequency range covered
Simulation frequency [3] = 2.66667 GHz
Simulation frequency [4] = 2.33333 GHz
Adaptive: 100.0 % of frequency range covered
S-parameter simulation finished
Dataset creation started
Dataset creation finished
